[debug] [2026-07-22T05:34:50.242Z] ----------------------------------------------------------------------
[debug] [2026-07-22T05:34:50.247Z] Command:       C:\Program Files\nodejs\node.exe C:\Users\Hp\AppData\Roaming\npm\node_modules\firebase-tools\lib\bin\firebase.js deploy
[debug] [2026-07-22T05:34:50.248Z] CLI Version:   15.24.0
[debug] [2026-07-22T05:34:50.248Z] Platform:      win32
[debug] [2026-07-22T05:34:50.248Z] Node Version:  v24.18.0
[debug] [2026-07-22T05:34:50.248Z] Detected Agent: unknown
[debug] [2026-07-22T05:34:50.249Z] Time:          Wed Jul 22 2026 10:34:50 GMT+0500 (Pakistan Standard Time)
[debug] [2026-07-22T05:34:50.249Z] ----------------------------------------------------------------------
[debug] 
[debug] [2026-07-22T05:34:54.359Z] > command requires scopes: ["email","openid","https://www.googleapis.com/auth/cloudplatformprojects.readonly","https://www.googleapis.com/auth/firebase","https://www.googleapis.com/auth/cloud-platform"]
[debug] [2026-07-22T05:34:54.360Z] > authorizing via signed-in user (webseriesworldoff@gmail.com)
[debug] [2026-07-22T05:34:54.360Z] [iam] checking project sub-hub-d948f for permissions ["firebase.projects.get","firebasehosting.sites.update"]
[debug] [2026-07-22T05:34:54.387Z] Checked if tokens are valid: true, expires at: 1784701507464
[debug] [2026-07-22T05:34:54.387Z] Checked if tokens are valid: true, expires at: 1784701507464
[debug] [2026-07-22T05:34:54.389Z] >>> [apiv2][query] POST https://cloudresourcemanager.googleapis.com/v1/projects/sub-hub-d948f:testIamPermissions [none]
[debug] [2026-07-22T05:34:54.389Z] >>> [apiv2][(partial)header] POST https://cloudresourcemanager.googleapis.com/v1/projects/sub-hub-d948f:testIamPermissions  x-goog-user-project=sub-hub-d948f
[debug] [2026-07-22T05:34:54.390Z] >>> [apiv2][body] POST https://cloudresourcemanager.googleapis.com/v1/projects/sub-hub-d948f:testIamPermissions {"permissions":["firebase.projects.get","firebasehosting.sites.update"]}
[debug] [2026-07-22T05:34:56.113Z] <<< [apiv2][status] POST https://cloudresourcemanager.googleapis.com/v1/projects/sub-hub-d948f:testIamPermissions 200
[debug] [2026-07-22T05:34:56.114Z] <<< [apiv2][body] POST https://cloudresourcemanager.googleapis.com/v1/projects/sub-hub-d948f:testIamPermissions {"permissions":["firebase.projects.get","firebasehosting.sites.update"]}
[debug] [2026-07-22T05:34:56.116Z] Checked if tokens are valid: true, expires at: 1784701507464
[debug] [2026-07-22T05:34:56.116Z] Checked if tokens are valid: true, expires at: 1784701507464
[debug] [2026-07-22T05:34:56.116Z] >>> [apiv2][query] GET https://firebase.googleapis.com/v1beta1/projects/sub-hub-d948f [none]
[debug] [2026-07-22T05:34:56.925Z] <<< [apiv2][status] GET https://firebase.googleapis.com/v1beta1/projects/sub-hub-d948f 200
[debug] [2026-07-22T05:34:56.925Z] <<< [apiv2][body] GET https://firebase.googleapis.com/v1beta1/projects/sub-hub-d948f {"projectId":"sub-hub-d948f","projectNumber":"168578722427","displayName":"sub hub","name":"projects/sub-hub-d948f","resources":{"hostingSite":"sub-hub-d948f"},"state":"ACTIVE","labels":{"firebase":"enabled"},"etag":"1_1c4e7f59-b3ea-4c75-8e54-9fc7ddb933a4"}
[info] 
[info] === Deploying to 'sub-hub-d948f'...
[info] 
[info] i  deploying hosting 
[debug] [2026-07-22T05:34:56.933Z] Checked if tokens are valid: true, expires at: 1784701507464
[debug] [2026-07-22T05:34:56.933Z] Checked if tokens are valid: true, expires at: 1784701507464
[debug] [2026-07-22T05:34:56.933Z] >>> [apiv2][query] GET https://firebasehosting.googleapis.com/v1beta1/projects/sub-hub-d948f/sites/sub-hub-d948f [none]
[debug] [2026-07-22T05:34:59.150Z] <<< [apiv2][status] GET https://firebasehosting.googleapis.com/v1beta1/projects/sub-hub-d948f/sites/sub-hub-d948f 200
[debug] [2026-07-22T05:34:59.150Z] <<< [apiv2][body] GET https://firebasehosting.googleapis.com/v1beta1/projects/sub-hub-d948f/sites/sub-hub-d948f {"name":"projects/sub-hub-d948f/sites/sub-hub-d948f","defaultUrl":"https://sub-hub-d948f.web.app","appId":"1:168578722427:web:975a7dfb145d6c0b9310de","type":"DEFAULT_SITE"}
[debug] [2026-07-22T05:34:59.158Z] Checked if tokens are valid: true, expires at: 1784701507464
[debug] [2026-07-22T05:34:59.158Z] Checked if tokens are valid: true, expires at: 1784701507464
[debug] [2026-07-22T05:34:59.160Z] >>> [apiv2][query] POST https://firebasehosting.googleapis.com/v1beta1/projects/-/sites/sub-hub-d948f/versions [none]
[debug] [2026-07-22T05:34:59.160Z] >>> [apiv2][body] POST https://firebasehosting.googleapis.com/v1beta1/projects/-/sites/sub-hub-d948f/versions {"status":"CREATED","labels":{"deployment-tool":"cli-firebase"}}
